<?xml version="1.0" encoding="UTF-8"?>
<coverage generated="1626504320174" clover="3.2.0">
  <project timestamp="1626504320174" name="All files">
    <metrics statements="22" coveredstatements="18" conditionals="23" coveredconditionals="20" methods="3" coveredmethods="2" elements="48" coveredelements="40" complexity="0" loc="22" ncloc="22" packages="1" files="1" classes="1"/>
    <file name="tensorUtils.ts" path="/Users/dyllon/Code/hexapod-app/src/renderer/formulae/tensorUtils.ts">
      <metrics statements="22" coveredstatements="18" conditionals="23" coveredconditionals="20" methods="3" coveredmethods="2"/>
      <line num="5" count="1" type="stmt"/>
      <line num="6" count="0" type="stmt"/>
      <line num="8" count="1" type="stmt"/>
      <line num="13" count="8" type="stmt"/>
      <line num="15" count="8" type="stmt"/>
      <line num="16" count="8" type="cond" truecount="2" falsecount="0"/>
      <line num="18" count="2" type="cond" truecount="1" falsecount="1"/>
      <line num="23" count="3" type="stmt"/>
      <line num="25" count="2" type="stmt"/>
      <line num="26" count="2" type="cond" truecount="2" falsecount="0"/>
      <line num="28" count="0" type="stmt"/>
      <line num="34" count="6" type="cond" truecount="2" falsecount="0"/>
      <line num="35" count="1" type="stmt"/>
      <line num="36" count="5" type="cond" truecount="1" falsecount="1"/>
      <line num="37" count="5" type="cond" truecount="2" falsecount="0"/>
      <line num="38" count="2" type="stmt"/>
      <line num="39" count="3" type="cond" truecount="1" falsecount="1"/>
      <line num="40" count="3" type="cond" truecount="4" falsecount="0"/>
      <line num="41" count="2" type="stmt"/>
      <line num="43" count="1" type="stmt"/>
      <line num="53" count="0" type="stmt"/>
      <line num="56" count="0" type="stmt"/>
    </file>
  </project>
</coverage>
