{"/Users/dyllon/Code/hexapod-app/src/renderer/formulae/tensorUtils.ts": {"path":"/Users/dyllon/Code/hexapod-app/src/renderer/formulae/tensorUtils.ts","statementMap":{"0":{"start":{"line":5,"column":29},"end":{"line":6,"column":8}},"1":{"start":{"line":6,"column":2},"end":{"line":6,"column":21}},"2":{"start":{"line":5,"column":13},"end":{"line":5,"column":29}},"3":{"start":{"line":8,"column":35},"end":{"line":58,"column":1}},"4":{"start":{"line":13,"column":21},"end":{"line":13,"column":46}},"5":{"start":{"line":15,"column":2},"end":{"line":57,"column":null}},"6":{"start":{"line":16,"column":4},"end":{"line":54,"column":null}},"7":{"start":{"line":18,"column":6},"end":{"line":29,"column":null}},"8":{"start":{"line":23,"column":35},"end":{"line":23,"column":63}},"9":{"start":{"line":25,"column":25},"end":{"line":25,"column":68}},"10":{"start":{"line":26,"column":8},"end":{"line":26,"column":60}},"11":{"start":{"line":28,"column":8},"end":{"line":28,"column":63}},"12":{"start":{"line":34,"column":6},"end":{"line":51,"column":null}},"13":{"start":{"line":35,"column":8},"end":{"line":35,"column":48}},"14":{"start":{"line":36,"column":13},"end":{"line":51,"column":null}},"15":{"start":{"line":37,"column":8},"end":{"line":50,"column":null}},"16":{"start":{"line":38,"column":10},"end":{"line":38,"column":53}},"17":{"start":{"line":39,"column":15},"end":{"line":50,"column":null}},"18":{"start":{"line":40,"column":10},"end":{"line":49,"column":null}},"19":{"start":{"line":41,"column":12},"end":{"line":41,"column":72}},"20":{"start":{"line":43,"column":12},"end":{"line":48,"column":14}},"21":{"start":{"line":53,"column":6},"end":{"line":53,"column":48}},"22":{"start":{"line":56,"column":4},"end":{"line":56,"column":25}},"23":{"start":{"line":8,"column":13},"end":{"line":8,"column":35}}},"fnMap":{"0":{"name":"(anonymous_0)","decl":{"start":{"line":5,"column":29},"end":{"line":5,"column":30}},"loc":{"start":{"line":5,"column":57},"end":{"line":6,"column":8}}},"1":{"name":"(anonymous_1)","decl":{"start":{"line":8,"column":35},"end":{"line":8,"column":null}},"loc":{"start":{"line":10,"column":42},"end":{"line":58,"column":1}}},"2":{"name":"(anonymous_2)","decl":{"start":{"line":23,"column":22},"end":{"line":23,"column":23}},"loc":{"start":{"line":23,"column":30},"end":{"line":23,"column":42}}}},"branchMap":{"0":{"loc":{"start":{"line":16,"column":4},"end":{"line":54,"column":null}},"type":"if","locations":[{"start":{"line":16,"column":4},"end":{"line":54,"column":null}},{"start":{"line":16,"column":4},"end":{"line":54,"column":null}}]},"1":{"loc":{"start":{"line":18,"column":6},"end":{"line":29,"column":null}},"type":"if","locations":[{"start":{"line":18,"column":6},"end":{"line":29,"column":null}},{"start":{"line":18,"column":6},"end":{"line":29,"column":null}}]},"2":{"loc":{"start":{"line":19,"column":8},"end":{"line":19,"column":33}},"type":"binary-expr","locations":[{"start":{"line":19,"column":8},"end":{"line":19,"column":33}},{"start":{"line":20,"column":9},"end":{"line":20,"column":29}},{"start":{"line":21,"column":10},"end":{"line":21,"column":26}},{"start":{"line":22,"column":10},"end":{"line":22,"column":26}},{"start":{"line":23,"column":10},"end":{"line":23,"column":63}}]},"3":{"loc":{"start":{"line":26,"column":37},"end":{"line":26,"column":45}},"type":"cond-expr","locations":[{"start":{"line":26,"column":37},"end":{"line":26,"column":45}},{"start":{"line":26,"column":48},"end":{"line":26,"column":59}}]},"4":{"loc":{"start":{"line":34,"column":6},"end":{"line":51,"column":null}},"type":"if","locations":[{"start":{"line":34,"column":6},"end":{"line":51,"column":null}},{"start":{"line":34,"column":6},"end":{"line":51,"column":null}}]},"5":{"loc":{"start":{"line":36,"column":13},"end":{"line":51,"column":null}},"type":"if","locations":[{"start":{"line":36,"column":13},"end":{"line":51,"column":null}},{"start":{"line":36,"column":13},"end":{"line":51,"column":null}}]},"6":{"loc":{"start":{"line":37,"column":8},"end":{"line":50,"column":null}},"type":"if","locations":[{"start":{"line":37,"column":8},"end":{"line":50,"column":null}},{"start":{"line":37,"column":8},"end":{"line":50,"column":null}}]},"7":{"loc":{"start":{"line":39,"column":15},"end":{"line":50,"column":null}},"type":"if","locations":[{"start":{"line":39,"column":15},"end":{"line":50,"column":null}},{"start":{"line":39,"column":15},"end":{"line":50,"column":null}}]},"8":{"loc":{"start":{"line":40,"column":10},"end":{"line":49,"column":null}},"type":"if","locations":[{"start":{"line":40,"column":10},"end":{"line":49,"column":null}},{"start":{"line":40,"column":10},"end":{"line":49,"column":null}}]},"9":{"loc":{"start":{"line":40,"column":14},"end":{"line":40,"column":42}},"type":"binary-expr","locations":[{"start":{"line":40,"column":14},"end":{"line":40,"column":42}},{"start":{"line":40,"column":46},"end":{"line":40,"column":69}}]}},"s":{"0":1,"1":0,"2":1,"3":1,"4":8,"5":8,"6":8,"7":2,"8":3,"9":2,"10":2,"11":0,"12":6,"13":1,"14":5,"15":5,"16":2,"17":3,"18":3,"19":2,"20":1,"21":0,"22":0,"23":1},"f":{"0":0,"1":8,"2":3},"b":{"0":[2,6],"1":[2,0],"2":[2,2,2,2,2],"3":[1,1],"4":[1,5],"5":[5,0],"6":[2,3],"7":[3,0],"8":[2,1],"9":[3,2]}}
}
