{"/Users/dyllon/Code/hexapod-app/src/renderer/fixtures/testFixtures.ts": {"path":"/Users/dyllon/Code/hexapod-app/src/renderer/fixtures/testFixtures.ts","statementMap":{"0":{"start":{"line":1,"column":0},"end":{"line":1,"column":39}},"1":{"start":{"line":4,"column":13},"end":{"line":11,"column":2}},"2":{"start":{"line":13,"column":13},"end":{"line":20,"column":3}},"3":{"start":{"line":22,"column":13},"end":{"line":29,"column":2}},"4":{"start":{"line":31,"column":13},"end":{"line":33,"column":3}},"5":{"start":{"line":35,"column":13},"end":{"line":38,"column":15}},"6":{"start":{"line":40,"column":13},"end":{"line":43,"column":15}},"7":{"start":{"line":45,"column":0},"end":{"line":45,"column":3}},"8":{"start":{"line":46,"column":13},"end":{"line":46,"column":74}},"9":{"start":{"line":47,"column":13},"end":{"line":47,"column":74}},"10":{"start":{"line":48,"column":13},"end":{"line":49,"column":60}},"11":{"start":{"line":51,"column":13},"end":{"line":51,"column":73}},"12":{"start":{"line":52,"column":13},"end":{"line":52,"column":73}},"13":{"start":{"line":54,"column":13},"end":{"line":61,"column":3}},"14":{"start":{"line":63,"column":13},"end":{"line":66,"column":15}},"15":{"start":{"line":68,"column":13},"end":{"line":79,"column":25}},"16":{"start":{"line":81,"column":13},"end":{"line":84,"column":15}},"17":{"start":{"line":86,"column":13},"end":{"line":90,"column":15}}},"fnMap":{},"branchMap":{},"s":{"0":1,"1":1,"2":1,"3":1,"4":1,"5":1,"6":1,"7":1,"8":1,"9":1,"10":1,"11":1,"12":1,"13":1,"14":1,"15":1,"16":1,"17":1},"f":{},"b":{}}
,"/Users/dyllon/Code/hexapod-app/src/renderer/formulae/gcode.ts": {"path":"/Users/dyllon/Code/hexapod-app/src/renderer/formulae/gcode.ts","statementMap":{"0":{"start":{"line":1,"column":0},"end":{"line":1,"column":39}},"1":{"start":{"line":3,"column":0},"end":{"line":3,"column":44}},"2":{"start":{"line":5,"column":0},"end":{"line":5,"column":50}},"3":{"start":{"line":8,"column":21},"end":{"line":55,"column":1}},"4":{"start":{"line":18,"column":20},"end":{"line":18,"column":34}},"5":{"start":{"line":20,"column":40},"end":{"line":20,"column":48}},"6":{"start":{"line":22,"column":19},"end":{"line":24,"column":null}},"7":{"start":{"line":27,"column":28},"end":{"line":34,"column":40}},"8":{"start":{"line":36,"column":18},"end":{"line":36,"column":35}},"9":{"start":{"line":39,"column":24},"end":{"line":39,"column":25}},"10":{"start":{"line":42,"column":23},"end":{"line":49,"column":null}},"11":{"start":{"line":54,"column":2},"end":{"line":54,"column":27}},"12":{"start":{"line":8,"column":13},"end":{"line":8,"column":21}}},"fnMap":{"0":{"name":"(anonymous_0)","decl":{"start":{"line":8,"column":21},"end":{"line":8,"column":null}},"loc":{"start":{"line":16,"column":20},"end":{"line":55,"column":1}}}},"branchMap":{},"s":{"0":1,"1":1,"2":1,"3":1,"4":1,"5":6,"6":1,"7":1,"8":1,"9":1,"10":1,"11":1,"12":1},"f":{"0":1},"b":{}}
,"/Users/dyllon/Code/hexapod-app/src/renderer/formulae/interpolate.ts": {"path":"/Users/dyllon/Code/hexapod-app/src/renderer/formulae/interpolate.ts","statementMap":{"0":{"start":{"line":1,"column":0},"end":{"line":1,"column":48}},"1":{"start":{"line":2,"column":0},"end":{"line":2,"column":39}},"2":{"start":{"line":5,"column":0},"end":{"line":5,"column":50}},"3":{"start":{"line":9,"column":27},"end":{"line":82,"column":1}},"4":{"start":{"line":19,"column":2},"end":{"line":27,"column":5}},"5":{"start":{"line":29,"column":20},"end":{"line":29,"column":43}},"6":{"start":{"line":31,"column":25},"end":{"line":31,"column":50}},"7":{"start":{"line":33,"column":19},"end":{"line":33,"column":23}},"8":{"start":{"line":36,"column":25},"end":{"line":41,"column":null}},"9":{"start":{"line":37,"column":26},"end":{"line":37,"column":28}},"10":{"start":{"line":37,"column":33},"end":{"line":37,"column":34}},"11":{"start":{"line":37,"column":46},"end":{"line":41,"column":8}},"12":{"start":{"line":44,"column":20},"end":{"line":46,"column":null}},"13":{"start":{"line":49,"column":4},"end":{"line":49,"column":48}},"14":{"start":{"line":51,"column":39},"end":{"line":58,"column":42}},"15":{"start":{"line":60,"column":4},"end":{"line":63,"column":6}},"16":{"start":{"line":65,"column":17},"end":{"line":70,"column":17}},"17":{"start":{"line":72,"column":4},"end":{"line":72,"column":30}},"18":{"start":{"line":74,"column":24},"end":{"line":74,"column":100}},"19":{"start":{"line":75,"column":4},"end":{"line":75,"column":44}},"20":{"start":{"line":79,"column":4},"end":{"line":79,"column":33}},"21":{"start":{"line":35,"column":2},"end":{"line":80,"column":null}},"22":{"start":{"line":35,"column":15},"end":{"line":35,"column":16}},"23":{"start":{"line":35,"column":11},"end":{"line":35,"column":15}},"24":{"start":{"line":81,"column":2},"end":{"line":81,"column":24}},"25":{"start":{"line":9,"column":13},"end":{"line":9,"column":27}}},"fnMap":{"0":{"name":"(anonymous_0)","decl":{"start":{"line":9,"column":27},"end":{"line":9,"column":null}},"loc":{"start":{"line":17,"column":20},"end":{"line":82,"column":1}}},"1":{"name":"(anonymous_2)","decl":{"start":{"line":37,"column":20},"end":{"line":37,"column":21}},"loc":{"start":{"line":37,"column":41},"end":{"line":37,"column":null}}}},"branchMap":{},"s":{"0":1,"1":1,"2":1,"3":1,"4":1,"5":1,"6":1,"7":1,"8":2,"9":12,"10":12,"11":12,"12":2,"13":2,"14":2,"15":2,"16":2,"17":2,"18":2,"19":2,"20":2,"21":1,"22":1,"23":2,"24":1,"25":1},"f":{"0":1,"1":12},"b":{}}
,"/Users/dyllon/Code/hexapod-app/src/renderer/formulae/rotationSimple.ts": {"path":"/Users/dyllon/Code/hexapod-app/src/renderer/formulae/rotationSimple.ts","statementMap":{"0":{"start":{"line":1,"column":0},"end":{"line":1,"column":39}},"1":{"start":{"line":3,"column":30},"end":{"line":26,"column":1}},"2":{"start":{"line":4,"column":15},"end":{"line":4,"column":28}},"3":{"start":{"line":5,"column":17},"end":{"line":5,"column":32}},"4":{"start":{"line":6,"column":15},"end":{"line":6,"column":28}},"5":{"start":{"line":7,"column":15},"end":{"line":7,"column":28}},"6":{"start":{"line":8,"column":17},"end":{"line":8,"column":32}},"7":{"start":{"line":9,"column":15},"end":{"line":9,"column":28}},"8":{"start":{"line":11,"column":15},"end":{"line":23,"column":4}},"9":{"start":{"line":25,"column":2},"end":{"line":25,"column":14}},"10":{"start":{"line":3,"column":13},"end":{"line":3,"column":30}}},"fnMap":{"0":{"name":"(anonymous_0)","decl":{"start":{"line":3,"column":30},"end":{"line":3,"column":31}},"loc":{"start":{"line":3,"column":70},"end":{"line":26,"column":1}}}},"branchMap":{},"s":{"0":1,"1":1,"2":3,"3":3,"4":3,"5":3,"6":3,"7":3,"8":3,"9":3,"10":1},"f":{"0":3},"b":{}}
,"/Users/dyllon/Code/hexapod-app/src/renderer/formulae/solveActuator.ts": {"path":"/Users/dyllon/Code/hexapod-app/src/renderer/formulae/solveActuator.ts","statementMap":{"0":{"start":{"line":1,"column":0},"end":{"line":1,"column":39}},"1":{"start":{"line":4,"column":0},"end":{"line":4,"column":31}},"2":{"start":{"line":6,"column":29},"end":{"line":42,"column":1}},"3":{"start":{"line":12,"column":18},"end":{"line":12,"column":61}},"4":{"start":{"line":14,"column":20},"end":{"line":14,"column":63}},"5":{"start":{"line":15,"column":20},"end":{"line":15,"column":63}},"6":{"start":{"line":16,"column":20},"end":{"line":16,"column":63}},"7":{"start":{"line":18,"column":16},"end":{"line":18,"column":55}},"8":{"start":{"line":19,"column":16},"end":{"line":19,"column":55}},"9":{"start":{"line":22,"column":20},"end":{"line":32,"column":null}},"10":{"start":{"line":26,"column":8},"end":{"line":32,"column":null}},"11":{"start":{"line":35,"column":15},"end":{"line":38,"column":null}},"12":{"start":{"line":37,"column":6},"end":{"line":37,"column":null}},"13":{"start":{"line":41,"column":2},"end":{"line":41,"column":14}},"14":{"start":{"line":6,"column":13},"end":{"line":6,"column":29}}},"fnMap":{"0":{"name":"(anonymous_0)","decl":{"start":{"line":6,"column":29},"end":{"line":6,"column":null}},"loc":{"start":{"line":10,"column":20},"end":{"line":42,"column":1}}},"1":{"name":"(anonymous_1)","decl":{"start":{"line":25,"column":6},"end":{"line":25,"column":7}},"loc":{"start":{"line":25,"column":19},"end":{"line":26,"column":17}}},"2":{"name":"(anonymous_2)","decl":{"start":{"line":36,"column":18},"end":{"line":36,"column":19}},"loc":{"start":{"line":36,"column":26},"end":{"line":37,"column":15}}}},"branchMap":{"0":{"loc":{"start":{"line":37,"column":18},"end":{"line":37,"column":45}},"type":"cond-expr","locations":[{"start":{"line":37,"column":18},"end":{"line":37,"column":45}},{"start":{"line":37,"column":48},"end":{"line":37,"column":55}}]}},"s":{"0":1,"1":1,"2":1,"3":2,"4":2,"5":2,"6":2,"7":2,"8":2,"9":2,"10":12,"11":2,"12":12,"13":2,"14":1},"f":{"0":2,"1":12,"2":12},"b":{"0":[0,12]}}
}
