TN:
SF:src/renderer/formulae/tensorUtils.ts
FN:5,(anonymous_0)
FN:8,(anonymous_1)
FN:23,(anonymous_2)
FNF:3
FNH:2
FNDA:0,(anonymous_0)
FNDA:8,(anonymous_1)
FNDA:3,(anonymous_2)
DA:5,1
DA:6,0
DA:8,1
DA:13,8
DA:15,8
DA:16,8
DA:18,2
DA:23,3
DA:25,2
DA:26,2
DA:28,0
DA:34,6
DA:35,1
DA:36,5
DA:37,5
DA:38,2
DA:39,3
DA:40,3
DA:41,2
DA:43,1
DA:53,0
DA:56,0
LF:22
LH:18
BRDA:16,0,0,2
BRDA:16,0,1,6
BRDA:18,1,0,2
BRDA:18,1,1,0
BRDA:19,2,0,2
BRDA:19,2,1,2
BRDA:19,2,2,2
BRDA:19,2,3,2
BRDA:19,2,4,2
BRDA:26,3,0,1
BRDA:26,3,1,1
BRDA:34,4,0,1
BRDA:34,4,1,5
BRDA:36,5,0,5
BRDA:36,5,1,0
BRDA:37,6,0,2
BRDA:37,6,1,3
BRDA:39,7,0,3
BRDA:39,7,1,0
BRDA:40,8,0,2
BRDA:40,8,1,1
BRDA:40,9,0,3
BRDA:40,9,1,2
BRF:23
BRH:20
end_of_record
