TN:
SF:src/renderer/fixtures/testFixtures.ts
FNF:0
FNH:0
DA:1,1
DA:4,1
DA:13,1
DA:22,1
DA:31,1
DA:35,1
DA:40,1
DA:45,1
DA:46,1
DA:47,1
DA:48,1
DA:51,1
DA:52,1
DA:54,1
DA:63,1
DA:68,1
DA:81,1
DA:86,1
LF:18
LH:18
BRF:0
BRH:0
end_of_record
TN:
SF:src/renderer/formulae/gcode.ts
FN:8,(anonymous_0)
FNF:1
FNH:1
FNDA:1,(anonymous_0)
DA:1,1
DA:3,1
DA:5,1
DA:8,1
DA:18,1
DA:20,6
DA:22,1
DA:27,1
DA:36,1
DA:39,1
DA:42,1
DA:54,1
LF:12
LH:12
BRF:0
BRH:0
end_of_record
TN:
SF:src/renderer/formulae/interpolate.ts
FN:9,(anonymous_0)
FN:37,(anonymous_2)
FNF:2
FNH:2
FNDA:1,(anonymous_0)
FNDA:12,(anonymous_2)
DA:1,1
DA:2,1
DA:5,1
DA:9,1
DA:19,1
DA:29,1
DA:31,1
DA:33,1
DA:35,2
DA:36,2
DA:37,12
DA:44,2
DA:49,2
DA:51,2
DA:60,2
DA:65,2
DA:72,2
DA:74,2
DA:75,2
DA:79,2
DA:81,1
LF:21
LH:21
BRF:0
BRH:0
end_of_record
TN:
SF:src/renderer/formulae/rotationSimple.ts
FN:3,(anonymous_0)
FNF:1
FNH:1
FNDA:3,(anonymous_0)
DA:1,1
DA:3,1
DA:4,3
DA:5,3
DA:6,3
DA:7,3
DA:8,3
DA:9,3
DA:11,3
DA:25,3
LF:10
LH:10
BRF:0
BRH:0
end_of_record
TN:
SF:src/renderer/formulae/solveActuator.ts
FN:6,(anonymous_0)
FN:25,(anonymous_1)
FN:36,(anonymous_2)
FNF:3
FNH:3
FNDA:2,(anonymous_0)
FNDA:12,(anonymous_1)
FNDA:12,(anonymous_2)
DA:1,1
DA:4,1
DA:6,1
DA:12,2
DA:14,2
DA:15,2
DA:16,2
DA:18,2
DA:19,2
DA:22,2
DA:26,12
DA:35,2
DA:37,12
DA:41,2
LF:14
LH:14
BRDA:37,0,0,0
BRDA:37,0,1,12
BRF:2
BRH:1
end_of_record
